<?xml version="1.0" encoding="UTF-8"?>
<!-- Generated by org.testng.reporters.JUnitXMLReporter -->
<testsuite ignored="0" hostname="LAPTOP-B8TJUCIE" failures="0" tests="8" name="AutomationTests" time="467.489" errors="0" timestamp="2025-12-08T22:23:09 IST">
  <testcase classname="autoExercise.TestCases.TC1_RegisterUser" name="verifyUserCanSignUp" time="8.353"/>
  <testcase classname="autoExercise.TestCases.TC2_LoginUser" name="verifyLoginUser" time="5.965"/>
  <testcase classname="autoExercise.TestCases.TC3_RegisterUserWithExistingEmail" name="verifyRegisterUserIsAlreadyExist" time="28.266"/>
  <testcase classname="autoExercise.TestCases.TC4_ContactUsForm" name="contactUsForm" time="9.885"/>
  <testcase classname="autoExercise.TestCases.TC5_AddProductsInCart" name="addProductsInCart" time="169.006"/>
  <testcase classname="autoExercise.TestCases.TC6_VerifyProductQauntityInCart" name="verifyProductQuanitytInCart" time="22.911"/>
  <testcase classname="autoExercise.TestCases.TC7_AddReviewOnProduct" name="addReviewOnProduct" time="15.964"/>
  <testcase classname="autoExercise.TestCases.TC8_VerifySubscription" name="verifySubscription" time="10.468"/>
</testsuite> <!-- AutomationTests -->
