<?xml version="1.0" encoding="UTF-8"?>
<!-- Generated by org.testng.reporters.JUnitXMLReporter -->
<testsuite ignored="0" hostname="LAPTOP-B8TJUCIE" failures="0" tests="9" name="AutomationTests" time="155.176" errors="0" timestamp="2026-03-26T16:13:58 IST">
  <testcase classname="autoExercise.TestCases.TC1_RegisterUser" name="verifyUserCanSignUp" time="13.074"/>
  <testcase classname="autoExercise.TestCases.TC2_LoginUser" name="verifyLoginUser" time="7.198"/>
  <testcase classname="autoExercise.TestCases.TC3_RegisterUserWithExistingEmail" name="verifyRegisterUserIsAlreadyExist" time="4.287"/>
  <testcase classname="autoExercise.TestCases.TC4_ContactUsForm" name="contactUsForm" time="9.747"/>
  <testcase classname="autoExercise.TestCases.TC5_AddProductsInCart" name="addProductsInCart" time="15.664"/>
  <testcase classname="autoExercise.TestCases.TC6_VerifyProductQauntityInCart" name="verifyProductQuanitytInCart" time="16.477"/>
  <testcase classname="autoExercise.TestCases.TC7_AddReviewOnProduct" name="addReviewOnProduct" time="11.347"/>
  <testcase classname="autoExercise.TestCases.TC8_VerifySubscription" name="verifySubscription" time="7.181"/>
  <testcase classname="autoExercise.TestCases.TC9_VerifyAddressDetailsInCheckoutPage" name="verifyAddressDetailsCheckoutPage" time="20.559"/>
</testsuite> <!-- AutomationTests -->
