<?xml version="1.0" encoding="UTF-8"?>
<testng-results ignored="0" total="1" passed="1" failed="0" skipped="0">
  <reporter-output>
  </reporter-output>
  <suite started-at="2025-12-06T19:00:03 IST" name="Default suite" finished-at="2025-12-06T19:00:24 IST" duration-ms="21830">
    <groups>
    </groups>
    <test started-at="2025-12-06T19:00:03 IST" name="Default test" finished-at="2025-12-06T19:00:24 IST" duration-ms="21830">
      <class name="autoExercise.TestCases.TC8_VerifySubscription">
        <test-method is-config="true" signature="setUp()[pri:0, instance:autoExercise.TestCases.TC8_VerifySubscription@6e9175d8]" started-at="2025-12-06T19:00:03 IST" name="setUp" finished-at="2025-12-06T19:00:15 IST" duration-ms="12432" status="PASS">
          <reporter-output>
          </reporter-output>
        </test-method> <!-- setUp -->
        <test-method signature="verifySubscription()[pri:0, instance:autoExercise.TestCases.TC8_VerifySubscription@6e9175d8]" started-at="2025-12-06T19:00:15 IST" name="verifySubscription" finished-at="2025-12-06T19:00:24 IST" duration-ms="9330" status="PASS">
          <reporter-output>
          </reporter-output>
        </test-method> <!-- verifySubscription -->
      </class> <!-- autoExercise.TestCases.TC8_VerifySubscription -->
    </test> <!-- Default test -->
  </suite> <!-- Default suite -->
</testng-results>
