<?xml version="1.0" encoding="UTF-8"?>
<!-- Generated by org.testng.reporters.JUnitReportReporter -->
<testsuite hostname="LAPTOP-B8TJUCIE" failures="0" tests="2" name="autoExercise.TestCases.TC10_SignUpUsingExcelData" time="54.377" errors="0" timestamp="2026-03-26T10:23:47 IST" skipped="0">
  <testcase classname="autoExercise.TestCases.TC10_SignUpUsingExcelData" name="signUpUserUsingExcelData" time="17.231"/>
  <testcase classname="autoExercise.TestCases.TC10_SignUpUsingExcelData" name="signUpUserUsingExcelData" time="37.146"/>
</testsuite> <!-- autoExercise.TestCases.TC10_SignUpUsingExcelData -->
