<?xml version="1.0" encoding="UTF-8"?>
<!-- Generated by org.testng.reporters.JUnitReportReporter -->
<testsuite hostname="LAPTOP-B8TJUCIE" failures="0" tests="1" name="com.AutoExercise.TestCases.TC5_VerifyProductQauntityInCart" time="14.526" errors="0" timestamp="2025-12-01T21:48:10 IST" skipped="0">
  <testcase classname="com.AutoExercise.TestCases.TC5_VerifyProductQauntityInCart" name="addProductsInCart" time="14.526"/>
  <system-out/>
</testsuite> <!-- com.AutoExercise.TestCases.TC5_VerifyProductQauntityInCart -->
