<?xml version="1.0" encoding="UTF-8"?>
<!-- Generated by org.testng.reporters.JUnitReportReporter -->
<testsuite hostname="LAPTOP-B8TJUCIE" failures="0" tests="1" name="autoExercise.TestCases.TC6_VerifyProductQauntityInCart" time="22.911" errors="0" timestamp="2025-12-08T22:23:09 IST" skipped="0">
  <testcase classname="autoExercise.TestCases.TC6_VerifyProductQauntityInCart" name="verifyProductQuanitytInCart" time="22.911"/>
  <system-out/>
</testsuite> <!-- autoExercise.TestCases.TC6_VerifyProductQauntityInCart -->
