<?xml version="1.0" encoding="UTF-8"?>
<!-- Generated by org.testng.reporters.JUnitReportReporter -->
<testsuite hostname="LAPTOP-B8TJUCIE" failures="0" tests="1" name="com.AutoExercise.TestCases.TC3_RegisterUserWithExistingEmail" time="4.458" errors="0" timestamp="2025-08-21T22:25:57 IST" skipped="0">
  <testcase classname="com.AutoExercise.TestCases.TC3_RegisterUserWithExistingEmail" name="verifyRegisterUserIsAlreadyExist" time="4.458"/>
  <system-out/>
</testsuite> <!-- com.AutoExercise.TestCases.TC3_RegisterUserWithExistingEmail -->
