<?xml version="1.0" encoding="UTF-8"?>
<!-- Generated by org.testng.reporters.JUnitReportReporter -->
<testsuite hostname="LAPTOP-B8TJUCIE" failures="0" tests="1" name="autoExercise.TestCases.TC3_RegisterUserWithExistingEmail" time="4.287" errors="0" timestamp="2026-03-26T16:13:58 IST" skipped="0">
  <testcase classname="autoExercise.TestCases.TC3_RegisterUserWithExistingEmail" name="verifyRegisterUserIsAlreadyExist" time="4.287"/>
</testsuite> <!-- autoExercise.TestCases.TC3_RegisterUserWithExistingEmail -->
