<?xml version="1.0" encoding="UTF-8"?>
<!-- Generated by org.testng.reporters.JUnitReportReporter -->
<testsuite hostname="LAPTOP-B8TJUCIE" failures="0" tests="1" name="autoExercise.TestCases.TC3_RegisterUserWithExistingEmail" time="28.266" errors="0" timestamp="2025-12-08T22:23:09 IST" skipped="0">
  <testcase classname="autoExercise.TestCases.TC3_RegisterUserWithExistingEmail" name="verifyRegisterUserIsAlreadyExist" time="28.266"/>
  <system-out/>
</testsuite> <!-- autoExercise.TestCases.TC3_RegisterUserWithExistingEmail -->
