<?xml version="1.0" encoding="UTF-8"?>
<!-- Generated by org.testng.reporters.JUnitReportReporter -->
<testsuite hostname="LAPTOP-B8TJUCIE" failures="0" tests="1" name="com.AutoExercise.TestCases.TC6_VerifyProductQauntityInCart" time="24.881" errors="0" timestamp="2025-12-02T21:28:31 IST" skipped="0">
  <testcase classname="com.AutoExercise.TestCases.TC6_VerifyProductQauntityInCart" name="verifyProductQuanitytInCart" time="24.881"/>
  <system-out/>
</testsuite> <!-- com.AutoExercise.TestCases.TC6_VerifyProductQauntityInCart -->
